<?xml version="1.0" encoding="UTF-8"?>
<beans xmlns="http://www.springframework.org/schema/beans"
		xmlns:xsi="http://www.w3.org/2001/XMLSchema-instance"
		xmlns:context="http://www.springframework.org/schema/context"
		xsi:schemaLocation="http://www.springframework.org/schema/beans https://www.springframework.org/schema/beans/spring-beans-2.0.xsd
				http://www.springframework.org/schema/context https://www.springframework.org/schema/context/spring-context-2.5.xsd">

	<bean name="testBean" class="test.TestBean">
	    <property name="field1" value="sssss"/>
	    <property name="field2" value="11111"/>
	</bean>

</beans>
